<?xml version="1.0" encoding="UTF-8"?>
<!-- Generated by org.testng.reporters.JUnitXMLReporter -->
<testsuite hostname="DESKTOP-4SGQIEI" ignored="9" name="Surefire test" tests="1" failures="0" timestamp="30 Aug 2018 00:50:46 GMT" time="4.798" errors="0">
  <testcase name="alogin_Positive" time="0.007" classname="com.presta.tests.SmokeTest"/>
  <testcase name="loginNegative" time="0.0" classname="com.presta.tests.SmokeTest">
    <ignored/>
  </testcase> <!-- loginNegative -->
  <testcase name="Deleteitem" time="0.0" classname="com.presta.tests.SmokeTest">
    <ignored/>
  </testcase> <!-- Deleteitem -->
  <testcase name="shipping" time="0.0" classname="com.presta.tests.SmokeTest">
    <ignored/>
  </testcase> <!-- shipping -->
  <testcase name="validatesummarypage" time="0.0" classname="com.presta.tests.SmokeTest">
    <ignored/>
  </testcase> <!-- validatesummarypage -->
  <testcase name="cartsubmit" time="0.0" classname="com.presta.tests.SmokeTest">
    <ignored/>
  </testcase> <!-- cartsubmit -->
  <testcase name="searchProduct" time="0.0" classname="com.presta.tests.SmokeTest">
    <ignored/>
  </testcase> <!-- searchProduct -->
  <testcase name="Addtocart" time="0.0" classname="com.presta.tests.SmokeTest">
    <ignored/>
  </testcase> <!-- Addtocart -->
  <testcase name="payment" time="0.0" classname="com.presta.tests.SmokeTest">
    <ignored/>
  </testcase> <!-- payment -->
  <testcase name="cartaddress" time="0.0" classname="com.presta.tests.SmokeTest">
    <ignored/>
  </testcase> <!-- cartaddress -->
</testsuite> <!-- Surefire test -->
