<?xml version="1.0" encoding="UTF-8"?>
<!-- Generated by org.testng.reporters.JUnitXMLReporter -->
<testsuite hostname="DESKTOP-4SGQIEI" ignored="0" name="Default test" tests="10" failures="0" timestamp="29 Aug 2018 23:56:26 GMT" time="142.84" errors="0">
  <testcase name="alogin_Positive" time="0.089" classname="com.presta.tests.SmokeTest"/>
  <testcase name="loginNegative" time="6.413" classname="com.presta.tests.SmokeTest"/>
  <testcase name="searchProduct" time="2.025" classname="com.presta.tests.SmokeTest"/>
  <testcase name="Addtocart" time="4.546" classname="com.presta.tests.SmokeTest"/>
  <testcase name="validatesummarypage" time="7.944" classname="com.presta.tests.SmokeTest"/>
  <testcase name="Deleteitem" time="10.798" classname="com.presta.tests.SmokeTest"/>
  <testcase name="cartaddress" time="14.778" classname="com.presta.tests.SmokeTest"/>
  <testcase name="shipping" time="13.167" classname="com.presta.tests.SmokeTest"/>
  <testcase name="payment" time="14.643" classname="com.presta.tests.SmokeTest"/>
  <testcase name="cartsubmit" time="22.662" classname="com.presta.tests.SmokeTest"/>
</testsuite> <!-- Default test -->
