<?xml version="1.0" encoding="UTF-8"?>
<!-- Generated by org.testng.reporters.JUnitXMLReporter -->
<testsuite hostname="DESKTOP-4SGQIEI" ignored="4" name="GRP-5" tests="1" failures="0" timestamp="27 Aug 2018 03:05:11 GMT" time="9.744" errors="0">
  <testcase name="validatesummarypage" time="8.327" classname="com.presta.tests.SmokeTest"/>
  <testcase name="loginNegative" time="0.0" classname="com.presta.tests.SmokeTest">
    <ignored/>
  </testcase> <!-- loginNegative -->
  <testcase name="searchProduct" time="0.0" classname="com.presta.tests.SmokeTest">
    <ignored/>
  </testcase> <!-- searchProduct -->
  <testcase name="Addtocart" time="0.0" classname="com.presta.tests.SmokeTest">
    <ignored/>
  </testcase> <!-- Addtocart -->
  <testcase name="alogin_Positive" time="0.0" classname="com.presta.tests.SmokeTest">
    <ignored/>
  </testcase> <!-- alogin_Positive -->
</testsuite> <!-- GRP-5 -->
